# JRE version: Java(TM) SE Runtime Environment (17.0.6+9) (build 17.0.6+9-LTS-190)
# Java VM: Java HotSpot(TM) 64-Bit Server VM (17.0.6+9-LTS-190, mixed mode, sharing, tiered, compressed oops, compressed class ptrs, g1 gc, windows-amd64)
GC Precious Log:
 CPUs: 16 total, 16 available
 Memory: 15734M
 Large Page Support: Disabled
 NUMA Support: Disabled
 Compressed Oops: Enabled (32-bit)
 Heap Region Size: 1M
 Heap Min Capacity: 256M
 Heap Initial Capacity: 256M
 Heap Max Capacity: 512M
 Pre-touch: Disabled
 Parallel Workers: 13
 Concurrent Workers: 3
 Concurrent Refinement Workers: 13
 Periodic GC: Disabled
Heap:
 garbage-first heap   total 278528K, used 169984K [0x00000000e0000000, 0x0000000100000000)
  region size 1024K, 13 young (13312K), 4 survivors (4096K)
 Metaspace       used 63451K, committed 64256K, reserved 372736K
  class space    used 8635K, committed 9024K, reserved 315392K
GC Heap History (20 events):
Event: 5.503 GC heap before
{Heap before GC invocations=4 (full 0):
 garbage-first heap   total 262144K, used 128404K [0x00000000e0000000, 0x0000000100000000)
  region size 1024K, 112 young (114688K), 12 survivors (12288K)
 Metaspace       used 35721K, committed 36096K, reserved 348160K
  class space    used 4962K, committed 5120K, reserved 315392K
}
Event: 5.511 GC heap after
{Heap after GC invocations=5 (full 0):
 garbage-first heap   total 262144K, used 31662K [0x00000000e0000000, 0x0000000100000000)
  region size 1024K, 14 young (14336K), 14 survivors (14336K)
 Metaspace       used 35721K, committed 36096K, reserved 348160K
  class space    used 4962K, committed 5120K, reserved 315392K
}
Event: 8.044 GC heap before
{Heap before GC invocations=6 (full 0):
 garbage-first heap   total 262144K, used 171950K [0x00000000e0000000, 0x0000000100000000)
  region size 1024K, 144 young (147456K), 14 survivors (14336K)
 Metaspace       used 48847K, committed 49472K, reserved 364544K
  class space    used 6824K, committed 7168K, reserved 315392K
}
Event: 8.057 GC heap after
{Heap after GC invocations=7 (full 0):
 garbage-first heap   total 262144K, used 51816K [0x00000000e0000000, 0x0000000100000000)
  region size 1024K, 18 young (18432K), 18 survivors (18432K)
 Metaspace       used 48847K, committed 49472K, reserved 364544K
  class space    used 6824K, committed 7168K, reserved 315392K
}
Event: 9.306 GC heap before
{Heap before GC invocations=7 (full 0):
 garbage-first heap   total 262144K, used 196200K [0x00000000e0000000, 0x0000000100000000)
  region size 1024K, 152 young (155648K), 18 survivors (18432K)
 Metaspace       used 54735K, committed 55424K, reserved 364544K
  class space    used 7654K, committed 8000K, reserved 315392K
}
Event: 9.324 GC heap after
{Heap after GC invocations=8 (full 0):
 garbage-first heap   total 262144K, used 74829K [0x00000000e0000000, 0x0000000100000000)
  region size 1024K, 18 young (18432K), 18 survivors (18432K)
 Metaspace       used 54735K, committed 55424K, reserved 364544K
  class space    used 7654K, committed 8000K, reserved 315392K
}
Event: 9.873 GC heap before
{Heap before GC invocations=8 (full 0):
 garbage-first heap   total 262144K, used 196685K [0x00000000e0000000, 0x0000000100000000)
  region size 1024K, 135 young (138240K), 18 survivors (18432K)
 Metaspace       used 54743K, committed 55424K, reserved 364544K
  class space    used 7655K, committed 8000K, reserved 315392K
}
Event: 9.906 GC heap after
{Heap after GC invocations=9 (full 0):
 garbage-first heap   total 262144K, used 112477K [0x00000000e0000000, 0x0000000100000000)
  region size 1024K, 17 young (17408K), 17 survivors (17408K)
 Metaspace       used 54743K, committed 55424K, reserved 364544K
  class space    used 7655K, committed 8000K, reserved 315392K
}
Event: 10.225 GC heap before
{Heap before GC invocations=9 (full 0):
 garbage-first heap   total 262144K, used 191325K [0x00000000e0000000, 0x0000000100000000)
  region size 1024K, 90 young (92160K), 17 survivors (17408K)
 Metaspace       used 54816K, committed 55552K, reserved 364544K
  class space    used 7664K, committed 8000K, reserved 315392K
}
Event: 10.257 GC heap after
{Heap after GC invocations=10 (full 0):
 garbage-first heap   total 262144K, used 147712K [0x00000000e0000000, 0x0000000100000000)
  region size 1024K, 12 young (12288K), 12 survivors (12288K)
 Metaspace       used 54816K, committed 55552K, reserved 364544K
  class space    used 7664K, committed 8000K, reserved 315392K
}
Event: 10.262 GC heap before
{Heap before GC invocations=10 (full 0):
 garbage-first heap   total 262144K, used 147712K [0x00000000e0000000, 0x0000000100000000)
  region size 1024K, 13 young (13312K), 12 survivors (12288K)
 Metaspace       used 54816K, committed 55552K, reserved 364544K
  class space    used 7664K, committed 8000K, reserved 315392K
}
Event: 10.281 GC heap after
{Heap after GC invocations=11 (full 0):
 garbage-first heap   total 262144K, used 151786K [0x00000000e0000000, 0x0000000100000000)
  region size 1024K, 2 young (2048K), 2 survivors (2048K)
 Metaspace       used 54816K, committed 55552K, reserved 364544K
  class space    used 7664K, committed 8000K, reserved 315392K
}
Event: 14.885 GC heap before
{Heap before GC invocations=12 (full 0):
 garbage-first heap   total 266240K, used 198890K [0x00000000e0000000, 0x0000000100000000)
  region size 1024K, 46 young (47104K), 2 survivors (2048K)
 Metaspace       used 56497K, committed 57216K, reserved 372736K
  class space    used 7914K, committed 8256K, reserved 315392K
}
Event: 14.894 GC heap after
{Heap after GC invocations=13 (full 0):
 garbage-first heap   total 266240K, used 176915K [0x00000000e0000000, 0x0000000100000000)
  region size 1024K, 6 young (6144K), 6 survivors (6144K)
 Metaspace       used 56497K, committed 57216K, reserved 372736K
  class space    used 7914K, committed 8256K, reserved 315392K
}
Event: 14.949 GC heap before
{Heap before GC invocations=13 (full 0):
 garbage-first heap   total 266240K, used 185107K [0x00000000e0000000, 0x0000000100000000)
  region size 1024K, 13 young (13312K), 6 survivors (6144K)
 Metaspace       used 56497K, committed 57216K, reserved 372736K
  class space    used 7914K, committed 8256K, reserved 315392K
}
Event: 14.954 GC heap after
{Heap after GC invocations=14 (full 0):
 garbage-first heap   total 266240K, used 173738K [0x00000000e0000000, 0x0000000100000000)
  region size 1024K, 1 young (1024K), 1 survivors (1024K)
 Metaspace       used 56497K, committed 57216K, reserved 372736K
  class space    used 7914K, committed 8256K, reserved 315392K
}
Event: 15.653 GC heap before
{Heap before GC invocations=14 (full 0):
 garbage-first heap   total 266240K, used 204458K [0x00000000e0000000, 0x0000000100000000)
  region size 1024K, 32 young (32768K), 1 survivors (1024K)
 Metaspace       used 59872K, committed 60672K, reserved 372736K
  class space    used 8279K, committed 8704K, reserved 315392K
}
Event: 15.657 GC heap after
{Heap after GC invocations=15 (full 0):
 garbage-first heap   total 266240K, used 175514K [0x00000000e0000000, 0x0000000100000000)
  region size 1024K, 3 young (3072K), 3 survivors (3072K)
 Metaspace       used 59872K, committed 60672K, reserved 372736K
  class space    used 8279K, committed 8704K, reserved 315392K
}
Event: 16.413 GC heap before
{Heap before GC invocations=16 (full 0):
 garbage-first heap   total 278528K, used 202138K [0x00000000e0000000, 0x0000000100000000)
  region size 1024K, 37 young (37888K), 3 survivors (3072K)
 Metaspace       used 62769K, committed 63552K, reserved 372736K
  class space    used 8559K, committed 8960K, reserved 315392K
}
Event: 16.417 GC heap after
{Heap after GC invocations=17 (full 0):
 garbage-first heap   total 278528K, used 161792K [0x00000000e0000000, 0x0000000100000000)
  region size 1024K, 4 young (4096K), 4 survivors (4096K)
 Metaspace       used 62769K, committed 63552K, reserved 372736K
  class space    used 8559K, committed 8960K, reserved 315392K
}

